2024-10-04 14:32:23,748 - Log4JLogChute initialized using file 'velocity.log'
2024-10-04 14:32:23,748 - Velocity was not initialized! Calling init()...
2024-10-04 14:32:23,748 - Starting Apache Velocity v1.5 (compiled: 2007-02-22 08:52:29)
2024-10-04 14:32:23,748 - Default Properties File: org/apache/velocity/runtime/defaults/velocity.properties
2024-10-04 14:32:23,748 - Trying to use logger class org.apache.velocity.runtime.log.AvalonLogChute
2024-10-04 14:32:23,748 - Couldn't find class org.apache.velocity.runtime.log.AvalonLogChute or necessary supporting classes in classpath.
java.lang.NoClassDefFoundError: org/apache/log/format/Formatter
	at java.base/java.lang.Class.forName0(Native Method)
	at java.base/java.lang.Class.forName(Class.java:578)
	at java.base/java.lang.Class.forName(Class.java:557)
	at org.apache.velocity.util.ClassUtils.getClass(ClassUtils.java:63)
	at org.apache.velocity.util.ClassUtils.getNewInstance(ClassUtils.java:95)
	at org.apache.velocity.runtime.log.LogManager.createLogChute(LogManager.java:147)
	at org.apache.velocity.runtime.log.LogManager.updateLog(LogManager.java:208)
	at org.apache.velocity.runtime.RuntimeInstance.initializeLog(RuntimeInstance.java:728)
	at org.apache.velocity.runtime.RuntimeInstance.init(RuntimeInstance.java:240)
	at org.apache.velocity.runtime.RuntimeInstance.parse(RuntimeInstance.java:993)
	at org.apache.velocity.runtime.RuntimeInstance.parse(RuntimeInstance.java:972)
	at org.apache.velocity.runtime.RuntimeSingleton.parse(RuntimeSingleton.java:265)
	at org.apache.velocity.app.Velocity.evaluate(Velocity.java:274)
	at org.sonatype.mavenbook.weather.WeatherFormatter.format(WeatherFormatter.java:21)
	at org.sonatype.mavenbook.weather.yahoo.WeatherFormatterTest.testFormat(WeatherFormatterTest.java:23)
	at java.base/jdk.internal.reflect.DirectMethodHandleAccessor.invoke(DirectMethodHandleAccessor.java:103)
	at java.base/java.lang.reflect.Method.invoke(Method.java:580)
	at junit.framework.TestCase.runTest(TestCase.java:176)
	at junit.framework.TestCase.runBare(TestCase.java:141)
	at junit.framework.TestResult$1.protect(TestResult.java:122)
	at junit.framework.TestResult.runProtected(TestResult.java:142)
	at junit.framework.TestResult.run(TestResult.java:125)
	at junit.framework.TestCase.run(TestCase.java:129)
	at junit.framework.TestSuite.runTest(TestSuite.java:252)
	at junit.framework.TestSuite.run(TestSuite.java:247)
	at org.junit.internal.runners.JUnit38ClassRunner.run(JUnit38ClassRunner.java:86)
	at org.apache.maven.surefire.junit4.JUnit4Provider.execute(JUnit4Provider.java:316)
	at org.apache.maven.surefire.junit4.JUnit4Provider.executeWithRerun(JUnit4Provider.java:240)
	at org.apache.maven.surefire.junit4.JUnit4Provider.executeTestSet(JUnit4Provider.java:214)
	at org.apache.maven.surefire.junit4.JUnit4Provider.invoke(JUnit4Provider.java:155)
	at org.apache.maven.surefire.booter.ForkedBooter.runSuitesInProcess(ForkedBooter.java:385)
	at org.apache.maven.surefire.booter.ForkedBooter.execute(ForkedBooter.java:162)
	at org.apache.maven.surefire.booter.ForkedBooter.run(ForkedBooter.java:507)
	at org.apache.maven.surefire.booter.ForkedBooter.main(ForkedBooter.java:495)
Caused by: java.lang.ClassNotFoundException: org.apache.log.format.Formatter
	at java.base/jdk.internal.loader.BuiltinClassLoader.loadClass(BuiltinClassLoader.java:641)
	at java.base/jdk.internal.loader.ClassLoaders$AppClassLoader.loadClass(ClassLoaders.java:188)
	at java.base/java.lang.ClassLoader.loadClass(ClassLoader.java:528)
	... 34 more
2024-10-04 14:32:23,749 - Trying to use logger class org.apache.velocity.runtime.log.Log4JLogChute
2024-10-04 14:32:23,749 - Using logger class org.apache.velocity.runtime.log.Log4JLogChute
2024-10-04 14:32:23,749 - Default ResourceManager initializing. (class org.apache.velocity.runtime.resource.ResourceManagerImpl)
2024-10-04 14:32:23,750 - ResourceLoader instantiated: org.apache.velocity.runtime.resource.loader.FileResourceLoader
2024-10-04 14:32:23,751 - Do unicode file recognition:  false
2024-10-04 14:32:23,751 - FileResourceLoader : adding path '.'
2024-10-04 14:32:23,753 - ResourceCache: initialized (class org.apache.velocity.runtime.resource.ResourceCacheImpl)
2024-10-04 14:32:23,754 - Loaded System Directive: org.apache.velocity.runtime.directive.Literal
2024-10-04 14:32:23,754 - Loaded System Directive: org.apache.velocity.runtime.directive.Macro
2024-10-04 14:32:23,754 - Loaded System Directive: org.apache.velocity.runtime.directive.Parse
2024-10-04 14:32:23,754 - Loaded System Directive: org.apache.velocity.runtime.directive.Include
2024-10-04 14:32:23,754 - Loaded System Directive: org.apache.velocity.runtime.directive.Foreach
2024-10-04 14:32:23,760 - Created '20' parsers.
2024-10-04 14:32:23,761 - Velocimacro : "velocimacro.library" is not set.  Trying default library: VM_global_library.vm
2024-10-04 14:32:23,761 - Velocimacro : Default library not found.
2024-10-04 14:32:23,761 - Velocimacro : allowInline = true : VMs can be defined inline in templates
2024-10-04 14:32:23,761 - Velocimacro : allowInlineToOverride = false : VMs defined inline may NOT replace previous VM definitions
2024-10-04 14:32:23,761 - Velocimacro : allowInlineLocal = false : VMs defined inline will be global in scope if allowed.
2024-10-04 14:32:23,761 - Velocimacro : autoload off : VM system will not automatically reload global library macros
